2024-06-26 15:57:39 +02:00 INFO cronframe::cronframe - CronFrame Init Start
2024-06-26 15:57:39 +02:00 INFO cronframe::cronframe - Colleting Global Jobs
2024-06-26 15:57:39 +02:00 INFO cronframe::cronframe - Found Global Job "testfn"
2024-06-26 15:57:39 +02:00 INFO cronframe::cronframe - Global Jobs Collected
2024-06-26 15:57:39 +02:00 INFO cronframe::cronframe - CronFrame Init Complete
2024-06-26 15:57:39 +02:00 INFO cronframe::cronframe - CronFrame Server Init
2024-06-26 15:57:39 +02:00 INFO cronframe::cronframe - CronFrame Server Running
2024-06-26 15:57:39 +02:00 INFO cronframe::cronframe - CronFrame Scheduler Running
2024-06-26 15:57:39 +02:00 INFO rocket::launch - Configured for release.
2024-06-26 15:57:39 +02:00 INFO rocket::launch::_ - address: 127.0.0.1
2024-06-26 15:57:39 +02:00 INFO rocket::launch::_ - port: 8098
2024-06-26 15:57:39 +02:00 INFO rocket::launch::_ - workers: 12
2024-06-26 15:57:39 +02:00 INFO rocket::launch::_ - max blocking threads: 512
2024-06-26 15:57:39 +02:00 INFO rocket::launch::_ - ident: Rocket
2024-06-26 15:57:39 +02:00 INFO rocket::launch::_ - IP header: X-Real-IP
2024-06-26 15:57:39 +02:00 INFO rocket::launch::_ - limits: bytes = 8KiB, data-form = 2MiB, file = 1MiB, form = 32KiB, json = 1MiB, msgpack = 1MiB, string = 8KiB
2024-06-26 15:57:39 +02:00 INFO rocket::launch::_ - temp dir: templates
2024-06-26 15:57:39 +02:00 INFO rocket::launch::_ - http/2: true
2024-06-26 15:57:39 +02:00 INFO rocket::launch::_ - keep-alive: 5s
2024-06-26 15:57:39 +02:00 INFO rocket::launch::_ - tls: disabled
2024-06-26 15:57:39 +02:00 INFO rocket::launch::_ - shutdown: ctrlc = false, force = true, signals = [SIGTERM], grace = 2s, mercy = 3s
2024-06-26 15:57:39 +02:00 INFO rocket::launch::_ - log level: critical
2024-06-26 15:57:39 +02:00 INFO rocket::launch::_ - cli colors: false
2024-06-26 15:57:39 +02:00 INFO rocket::launch - Routes:
2024-06-26 15:57:39 +02:00 INFO rocket::launch::_ - (home) GET /
2024-06-26 15:57:39 +02:00 INFO rocket::launch::_ - (styles) GET /styles
2024-06-26 15:57:39 +02:00 INFO rocket::launch::_ - (job_info) GET /job/<name>/<id>
2024-06-26 15:57:39 +02:00 INFO rocket::launch::_ - (update_timeout) GET /job/<name>/<id>/toutset/<value>
2024-06-26 15:57:39 +02:00 INFO rocket::launch::_ - (update_schedule) GET /job/<name>/<id>/schedset/<expression>
2024-06-26 15:57:39 +02:00 INFO rocket::launch - Fairings:
2024-06-26 15:57:39 +02:00 INFO rocket::launch::_ - Shield (liftoff, response, singleton)
2024-06-26 15:57:39 +02:00 INFO rocket::launch::_ - Templating (ignite, liftoff, request)
2024-06-26 15:57:39 +02:00 INFO rocket::shield::shield - Shield:
2024-06-26 15:57:39 +02:00 INFO rocket::shield::shield::_ - X-Content-Type-Options: nosniff
2024-06-26 15:57:39 +02:00 INFO rocket::shield::shield::_ - X-Frame-Options: SAMEORIGIN
2024-06-26 15:57:39 +02:00 INFO rocket::shield::shield::_ - Permissions-Policy: interest-cohort=()
2024-06-26 15:57:39 +02:00 INFO rocket_dyn_templates::fairing - Templating:
2024-06-26 15:57:39 +02:00 INFO rocket_dyn_templates::fairing::_ - directory: templates
2024-06-26 15:57:39 +02:00 INFO rocket_dyn_templates::fairing::_ - engines: ["tera"]
2024-06-26 15:57:39 +02:00 WARN rocket::launch - Rocket has launched from http://127.0.0.1:8098
2024-06-26 15:57:44 +02:00 INFO cronframe::cronframe - job @testfn ID#759e826e-97b0-401d-8783-03f765f6d12b RUN_ID#f99e946a-6e65-44e6-809a-694312f6bde4 - Scheduled
2024-06-26 15:57:45 +02:00 INFO cronframe::cronjob - job @testfn ID#759e826e-97b0-401d-8783-03f765f6d12b RUN_ID#f99e946a-6e65-44e6-809a-694312f6bde4 - Execution
2024-06-26 15:57:45 +02:00 INFO cronframe::cronframe - job @testfn ID#759e826e-97b0-401d-8783-03f765f6d12b RUN_ID#f99e946a-6e65-44e6-809a-694312f6bde4 - Completed
2024-06-26 15:57:49 +02:00 INFO cronframe::cronframe - job @testfn ID#759e826e-97b0-401d-8783-03f765f6d12b RUN_ID#48dfadb3-78cb-445c-85e9-b329025722b2 - Scheduled
2024-06-26 15:57:50 +02:00 INFO cronframe::cronjob - job @testfn ID#759e826e-97b0-401d-8783-03f765f6d12b RUN_ID#48dfadb3-78cb-445c-85e9-b329025722b2 - Execution
2024-06-26 15:57:50 +02:00 INFO cronframe::cronframe - job @testfn ID#759e826e-97b0-401d-8783-03f765f6d12b RUN_ID#48dfadb3-78cb-445c-85e9-b329025722b2 - Completed
2024-06-26 15:57:54 +02:00 INFO cronframe::cronframe - job @testfn ID#759e826e-97b0-401d-8783-03f765f6d12b RUN_ID#d428dd19-4dff-46ed-8d38-ca174f315cbd - Scheduled
